<?xml version="1.0" encoding="UTF-8"?>
<testsuite xmlns:xsi="http://www.w3.org/2001/XMLSchema-instance" xsi:noNamespaceSchemaLocation="https://maven.apache.org/surefire/maven-surefire-plugin/xsd/surefire-test-report-3.0.xsd" version="3.0" name="com.gabrielximenes.userscruds.UsersCrudsApplicationTests" time="16.595" tests="1" errors="0" skipped="0" failures="0">
  <properties>
[...]
</properties>
  <testcase name="contextLoads" classname="com.gabrielximenes.userscruds.UsersCrudsApplicationTests" time="0.033">
    <system-out><![CDATA[21:19:50.795 [main] DEBUG org.springframework.test.context.BootstrapUtils - Instantiating CacheAwareContextLoaderDelegate from class [org.springframework.test.context.cache.DefaultCacheAwareContextLoaderDelegate]
21:19:50.840 [main] DEBUG org.springframework.test.context.BootstrapUtils - Instantiating BootstrapContext using constructor [public org.springframework.test.context.support.DefaultBootstrapContext(java.lang.Class,org.springframework.test.context.CacheAwareContextLoaderDelegate)]
21:19:50.993 [main] DEBUG org.springframework.test.context.BootstrapUtils - Instantiating TestContextBootstrapper for test class [com.gabrielximenes.userscruds.UsersCrudsApplicationTests] from class [org.springframework.boot.test.context.SpringBootTestContextBootstrapper]
21:19:51.034 [main] INFO org.springframework.boot.test.context.SpringBootTestContextBootstrapper - Neither @ContextConfiguration nor @ContextHierarchy found for test class [com.gabrielximenes.userscruds.UsersCrudsApplicationTests], using SpringBootContextLoader
21:19:51.053 [main] DEBUG org.springframework.test.context.support.AbstractContextLoader - Did not detect default resource location for test class [com.gabrielximenes.userscruds.UsersCrudsApplicationTests]: class path resource [com/gabrielximenes/userscruds/UsersCrudsApplicationTests-context.xml] does not exist
21:19:51.054 [main] DEBUG org.springframework.test.context.support.AbstractContextLoader - Did not detect default resource location for test class [com.gabrielximenes.userscruds.UsersCrudsApplicationTests]: class path resource [com/gabrielximenes/userscruds/UsersCrudsApplicationTestsContext.groovy] does not exist
21:19:51.054 [main] INFO org.springframework.test.context.support.AbstractContextLoader - Could not detect default resource locations for test class [com.gabrielximenes.userscruds.UsersCrudsApplicationTests]: no resource found for suffixes {-context.xml, Context.groovy}.
21:19:51.057 [main] INFO org.springframework.test.context.support.AnnotationConfigContextLoaderUtils - Could not detect default configuration classes for test class [com.gabrielximenes.userscruds.UsersCrudsApplicationTests]: UsersCrudsApplicationTests does not declare any static, non-private, non-final, nested classes annotated with @Configuration.
21:19:51.214 [main] DEBUG org.springframework.test.context.support.ActiveProfilesUtils - Could not find an 'annotation declaring class' for annotation type [org.springframework.test.context.ActiveProfiles] and class [com.gabrielximenes.userscruds.UsersCrudsApplicationTests]
21:19:51.488 [main] DEBUG org.springframework.context.annotation.ClassPathScanningCandidateComponentProvider - Identified candidate component class: file [C:\Users\noronga\Documents\users-cruds\target\classes\com\gabrielximenes\userscruds\UsersCrudsApplication.class]
21:19:51.490 [main] INFO org.springframework.boot.test.context.SpringBootTestContextBootstrapper - Found @SpringBootConfiguration com.gabrielximenes.userscruds.UsersCrudsApplication for test class com.gabrielximenes.userscruds.UsersCrudsApplicationTests
21:19:51.792 [main] DEBUG org.springframework.boot.test.context.SpringBootTestContextBootstrapper - @TestExecutionListeners is not present for class [com.gabrielximenes.userscruds.UsersCrudsApplicationTests]: using defaults.
21:19:51.794 [main] INFO org.springframework.boot.test.context.SpringBootTestContextBootstrapper - Loaded default TestExecutionListener class names from location [META-INF/spring.factories]: [org.springframework.boot.test.mock.mockito.MockitoTestExecutionListener, org.springframework.boot.test.mock.mockito.ResetMocksTestExecutionListener, org.springframework.boot.test.autoconfigure.restdocs.RestDocsTestExecutionListener, org.springframework.boot.test.autoconfigure.web.client.MockRestServiceServerResetTestExecutionListener, org.springframework.boot.test.autoconfigure.web.servlet.MockMvcPrintOnlyOnFailureTestExecutionListener, org.springframework.boot.test.autoconfigure.web.servlet.WebDriverTestExecutionListener, org.springframework.boot.test.autoconfigure.webservices.client.MockWebServiceServerTestExecutionListener, org.springframework.test.context.web.ServletTestExecutionListener, org.springframework.test.context.support.DirtiesContextBeforeModesTestExecutionListener, org.springframework.test.context.event.ApplicationEventsTestExecutionListener, org.springframework.test.context.support.DependencyInjectionTestExecutionListener, org.springframework.test.context.support.DirtiesContextTestExecutionListener, org.springframework.test.context.transaction.TransactionalTestExecutionListener, org.springframework.test.context.jdbc.SqlScriptsTestExecutionListener, org.springframework.test.context.event.EventPublishingTestExecutionListener]
21:19:51.845 [main] INFO org.springframework.boot.test.context.SpringBootTestContextBootstrapper - Using TestExecutionListeners: [org.springframework.test.context.web.ServletTestExecutionListener@7159d601, org.springframework.test.context.support.DirtiesContextBeforeModesTestExecutionListener@70b33256, org.springframework.test.context.event.ApplicationEventsTestExecutionListener@33d230ce, org.springframework.boot.test.mock.mockito.MockitoTestExecutionListener@35e74e08, org.springframework.boot.test.autoconfigure.SpringBootDependencyInjectionTestExecutionListener@a316f6b, org.springframework.test.context.support.DirtiesContextTestExecutionListener@63f9ddf9, org.springframework.test.context.transaction.TransactionalTestExecutionListener@410fc508, org.springframework.test.context.jdbc.SqlScriptsTestExecutionListener@4e17442f, org.springframework.test.context.event.EventPublishingTestExecutionListener@4f5c30b1, org.springframework.boot.test.mock.mockito.ResetMocksTestExecutionListener@62e73ab6, org.springframework.boot.test.autoconfigure.restdocs.RestDocsTestExecutionListener@5d7f8467, org.springframework.boot.test.autoconfigure.web.client.MockRestServiceServerResetTestExecutionListener@29bd85db, org.springframework.boot.test.autoconfigure.web.servlet.MockMvcPrintOnlyOnFailureTestExecutionListener@7caf1e5, org.springframework.boot.test.autoconfigure.web.servlet.WebDriverTestExecutionListener@5c234920, org.springframework.boot.test.autoconfigure.webservices.client.MockWebServiceServerTestExecutionListener@7ddeb27f]
21:19:51.861 [main] DEBUG org.springframework.test.context.support.AbstractDirtiesContextTestExecutionListener - Before test class: context [DefaultTestContext@1471b98d testClass = UsersCrudsApplicationTests, testInstance = [null], testMethod = [null], testException = [null], mergedContextConfiguration = [WebMergedContextConfiguration@5514579e testClass = UsersCrudsApplicationTests, locations = '{}', classes = '{class com.gabrielximenes.userscruds.UsersCrudsApplication}', contextInitializerClasses = '[]', activeProfiles = '{}', propertySourceLocations = '{}', propertySourceProperties = '{org.springframework.boot.test.context.SpringBootTestContextBootstrapper=true}', contextCustomizers = set[org.springframework.boot.test.context.filter.ExcludeFilterContextCustomizer@1de0641b, org.springframework.boot.test.json.DuplicateJsonObjectContextCustomizerFactory$DuplicateJsonObjectContextCustomizer@554188ac, org.springframework.boot.test.mock.mockito.MockitoContextCustomizer@0, org.springframework.boot.test.web.client.TestRestTemplateContextCustomizer@6975fb1c, org.springframework.boot.test.autoconfigure.actuate.metrics.MetricsExportContextCustomizerFactory$DisableMetricExportContextCustomizer@67bd351e, org.springframework.boot.test.autoconfigure.properties.PropertyMappingContextCustomizer@0, org.springframework.boot.test.autoconfigure.web.servlet.WebDriverContextCustomizerFactory$Customizer@707ca986, org.springframework.boot.test.context.SpringBootTestArgs@1, org.springframework.boot.test.context.SpringBootTestWebEnvironment@51bd8b5c], resourceBasePath = 'src/main/webapp', contextLoader = 'org.springframework.boot.test.context.SpringBootContextLoader', parent = [null]], attributes = map['org.springframework.test.context.web.ServletTestExecutionListener.activateListener' -> true]], class annotated with @DirtiesContext [false] with mode [null].

  .   ____          _            __ _ _
 /\\ / ___'_ __ _ _(_)_ __  __ _ \ \ \ \
( ( )\___ | '_ | '_| | '_ \/ _` | \ \ \ \
 \\/  ___)| |_)| | | | | || (_| |  ) ) ) )
  '  |____| .__|_| |_|_| |_\__, | / / / /
 =========|_|==============|___/=/_/_/_/
 :: Spring Boot ::                (v2.7.2)

2023-01-11 21:19:52.705  INFO 24844 --- [           main] c.g.u.UsersCrudsApplicationTests         : Starting UsersCrudsApplicationTests using Java 17.0.2 on DESKTOP-JFDHH82 with PID 24844 (started by noronga in C:\Users\noronga\Documents\users-cruds)
2023-01-11 21:19:52.708  INFO 24844 --- [           main] c.g.u.UsersCrudsApplicationTests         : The following 1 profile is active: "test"
2023-01-11 21:19:54.346  INFO 24844 --- [           main] .s.d.r.c.RepositoryConfigurationDelegate : Bootstrapping Spring Data JPA repositories in DEFAULT mode.
2023-01-11 21:19:54.520  INFO 24844 --- [           main] .s.d.r.c.RepositoryConfigurationDelegate : Finished Spring Data repository scanning in 152 ms. Found 1 JPA repository interfaces.
2023-01-11 21:19:56.323  INFO 24844 --- [           main] com.zaxxer.hikari.HikariDataSource       : HikariPool-1 - Starting...
2023-01-11 21:19:57.370  INFO 24844 --- [           main] com.zaxxer.hikari.HikariDataSource       : HikariPool-1 - Start completed.
2023-01-11 21:19:57.675  INFO 24844 --- [           main] o.hibernate.jpa.internal.util.LogHelper  : HHH000204: Processing PersistenceUnitInfo [name: default]
2023-01-11 21:19:57.924  INFO 24844 --- [           main] org.hibernate.Version                    : HHH000412: Hibernate ORM core version 5.6.10.Final
2023-01-11 21:19:58.151  INFO 24844 --- [           main] o.hibernate.annotations.common.Version   : HCANN000001: Hibernate Commons Annotations {5.1.2.Final}
2023-01-11 21:19:58.977  INFO 24844 --- [           main] org.hibernate.dialect.Dialect            : HHH000400: Using dialect: org.hibernate.dialect.H2Dialect
Hibernate: 
    
    drop table if exists users CASCADE 
Hibernate: 
    
    create table users (
       id binary(255) not null,
        created_by_id binary(255),
        creation_date timestamp,
        last_modified_date timestamp,
        modified_by_id binary(255),
        status boolean,
        email varchar(255),
        name varchar(255),
        password varchar(255),
        telefone varchar(255),
        username varchar(255),
        primary key (id)
    )
Hibernate: 
    
    alter table users 
       add constraint UK_6dotkott2kjsp8vw4d0m25fb7 unique (email)
Hibernate: 
    
    alter table users 
       add constraint UK_ggunynjt6cy2a1gk6rrj2ne9j unique (telefone)
Hibernate: 
    
    alter table users 
       add constraint UK_r43af9ap4edm43mmtq01oddj6 unique (username)
2023-01-11 21:20:00.775  INFO 24844 --- [           main] o.h.e.t.j.p.i.JtaPlatformInitiator       : HHH000490: Using JtaPlatform implementation: [org.hibernate.engine.transaction.jta.platform.internal.NoJtaPlatform]
2023-01-11 21:20:00.809  INFO 24844 --- [           main] j.LocalContainerEntityManagerFactoryBean : Initialized JPA EntityManagerFactory for persistence unit 'default'
2023-01-11 21:20:03.199  WARN 24844 --- [           main] JpaBaseConfiguration$JpaWebConfiguration : spring.jpa.open-in-view is enabled by default. Therefore, database queries may be performed during view rendering. Explicitly configure spring.jpa.open-in-view to disable this warning
2023-01-11 21:20:06.694  INFO 24844 --- [           main] c.g.u.UsersCrudsApplicationTests         : Started UsersCrudsApplicationTests in 14.728 seconds (JVM running for 22.129)
Hibernate: 
    insert 
    into
        users
        (creation_date, last_modified_date, status, email, name, password, telefone, username, id) 
    values
        (?, ?, ?, ?, ?, ?, ?, ?, ?)
Hibernate: 
    insert 
    into
        users
        (creation_date, last_modified_date, status, email, name, password, telefone, username, id) 
    values
        (?, ?, ?, ?, ?, ?, ?, ?, ?)
Hibernate: 
    insert 
    into
        users
        (creation_date, last_modified_date, status, email, name, password, telefone, username, id) 
    values
        (?, ?, ?, ?, ?, ?, ?, ?, ?)
]]></system-out>
  </testcase>
</testsuite>